<?xml version="1.0" encoding="UTF-8" ?>
<testsuite errors="0" failures="0" hostname="PhongLeader" name="so_nguyen_toTest1" skipped="0" tests="8" time="0.064" timestamp="2015-12-26T06:23:57">
  <properties>
    <property name="ant.project.invoked-targets" value="test" />
    <property name="java.runtime.name" value="Java(TM) SE Runtime Environment" />
    <property name="sun.boot.library.path" value="C:\Program Files\Java\jdk1.8.0_60\jre\bin" />
    <property name="ant.file.JunitTest" value="D:\java\Workspace\Ant_Test\Ant_Test\build.xml" />
    <property name="java.vm.version" value="25.60-b23" />
    <property name="ant.library.dir" value="C:\ant\lib" />
    <property name="ant.version" value="Apache Ant(TM) version 1.9.6 compiled on June 29 2015" />
    <property name="ant.java.version" value="1.8" />
    <property name="java.vm.vendor" value="Oracle Corporation" />
    <property name="java.vendor.url" value="http://java.oracle.com/" />
    <property name="path.separator" value=";" />
    <property name="java.vm.name" value="Java HotSpot(TM) 64-Bit Server VM" />
    <property name="file.encoding.pkg" value="sun.io" />
    <property name="user.script" value="" />
    <property name="user.country" value="US" />
    <property name="sun.java.launcher" value="SUN_STANDARD" />
    <property name="sun.os.patch.level" value="" />
    <property name="java.vm.specification.name" value="Java Virtual Machine Specification" />
    <property name="user.dir" value="D:\java\Workspace\Ant_Test\Ant_Test" />
    <property name="java.runtime.version" value="1.8.0_60-b27" />
    <property name="full-compile" value="true" />
    <property name="java.awt.graphicsenv" value="sun.awt.Win32GraphicsEnvironment" />
    <property name="basedir" value="D:\java\Workspace\Ant_Test\Ant_Test" />
    <property name="java.endorsed.dirs" value="C:\Program Files\Java\jdk1.8.0_60\jre\lib\endorsed" />
    <property name="os.arch" value="amd64" />
    <property name="ant.project.default-target" value="test" />
    <property name="java.io.tmpdir" value="C:\WINDOWS\TEMP\" />
    <property name="ant.core.lib" value="C:\ant\lib\ant.jar" />
    <property name="line.separator" value="&#xd;&#xa;" />
    <property name="java.vm.specification.vendor" value="Oracle Corporation" />
    <property name="user.variant" value="" />
    <property name="os.name" value="Windows 10" />
    <property name="ant.home" value="C:\ant" />
    <property name="ant.project.name" value="JunitTest" />
    <property name="sun.jnu.encoding" value="Cp1252" />
    <property name="reportdir" value="D:\java\Workspace\Ant_Test\Ant_Test\report" />
    <property name="java.library.path" value="C:\Program Files\Java\jdk1.8.0_60\jre\bin;C:\WINDOWS\Sun\Java\bin;C:\WINDOWS\system32;C:\WINDOWS;C:\Program Files\Java\jdk1.8.0_60/bin;C:\Program Files\Java\jdk1.8.0_60/bin;C:\ProgramData\Oracle\Java\javapath;C:\WINDOWS\system32;C:\WINDOWS;C:\WINDOWS\System32\Wbem;C:\WINDOWS\System32\WindowsPowerShell\v1.0\;C:\Program Files\Microsoft\Web Platform Installer\;C:\Program Files (x86)\Microsoft ASP.NET\ASP.NET Web Pages\v1.0\;C:\Program Files\Microsoft SQL Server\110\Tools\Binn\;C:\Program Files (x86)\Windows Kits\8.0\Windows Performance Toolkit\;C:\Program Files\Microsoft SQL Server\110\DTS\Binn\;C:\Program Files (x86)\Microsoft SQL Server\110\Tools\Binn\;C:\Program Files (x86)\Microsoft SQL Server\110\Tools\Binn\ManagementStudio\;C:\Program Files (x86)\Microsoft Visual Studio 10.0\Common7\IDE\PrivateAssemblies\;C:\Program Files (x86)\Microsoft SQL Server\110\DTS\Binn\;C:\ant\bin\;C:\maven\bin\;C:\Program Files\Java\jdk1.8.0_60;;." />
    <property name="java.class.version" value="52.0" />
    <property name="java.specification.name" value="Java Platform API Specification" />
    <property name="sun.management.compiler" value="HotSpot 64-Bit Tiered Compilers" />
    <property name="testdir" value="D:\java\Workspace\Ant_Test\Ant_Test\test" />
    <property name="os.version" value="10.0" />
    <property name="ant.file" value="D:\java\Workspace\Ant_Test\Ant_Test\build.xml" />
    <property name="user.home" value="C:\WINDOWS\system32\config\systemprofile" />
    <property name="user.timezone" value="" />
    <property name="java.awt.printerjob" value="sun.awt.windows.WPrinterJob" />
    <property name="java.specification.version" value="1.8" />
    <property name="file.encoding" value="Cp1252" />
    <property name="ant.file.type.JunitTest" value="file" />
    <property name="java.class.path" value="D:\java\Workspace\Ant_Test\Ant_Test\lib\junit-4.12.jar;D:\java\Workspace\Ant_Test\Ant_Test\lib\hamcrest-core-1.3.jar;D:\java\Workspace\Ant_Test\Ant_Test\test;D:\java\Workspace\Ant_Test\Ant_Test\src;C:\ant\lib\junit-4.10.jar;C:\ant\lib\ant-launcher.jar;C:\ant\lib\ant.jar;C:\ant\lib\ant-junit.jar;C:\ant\lib\ant-junit4.jar" />
    <property name="user.name" value="PHONGLEADER$" />
    <property name="java.vm.specification.version" value="1.8" />
    <property name="sun.java.command" value="org.apache.tools.ant.taskdefs.optional.junit.JUnitTestRunner so_nguyen_toTest1 skipNonTests=false filtertrace=true haltOnError=false haltOnFailure=false showoutput=false outputtoformatters=true logfailedtests=true threadid=0 logtestlistenerevents=false formatter=org.apache.tools.ant.taskdefs.optional.junit.BriefJUnitResultFormatter formatter=org.apache.tools.ant.taskdefs.optional.junit.XMLJUnitResultFormatter,D:\java\Workspace\Ant_Test\Ant_Test\report\TEST-so_nguyen_toTest1.xml crashfile=D:\java\Workspace\Ant_Test\Ant_Test\junitvmwatcher1987006531879707187.properties propsfile=D:\java\Workspace\Ant_Test\Ant_Test\junit4636542546871102259.properties" />
    <property name="sun.arch.data.model" value="64" />
    <property name="java.home" value="C:\Program Files\Java\jdk1.8.0_60\jre" />
    <property name="java.specification.vendor" value="Oracle Corporation" />
    <property name="user.language" value="en" />
    <property name="srcdir" value="D:\java\Workspace\Ant_Test\Ant_Test\src" />
    <property name="awt.toolkit" value="sun.awt.windows.WToolkit" />
    <property name="java.vm.info" value="mixed mode" />
    <property name="java.version" value="1.8.0_60" />
    <property name="java.ext.dirs" value="C:\Program Files\Java\jdk1.8.0_60\jre\lib\ext;C:\WINDOWS\Sun\Java\lib\ext" />
    <property name="sun.boot.class.path" value="C:\Program Files\Java\jdk1.8.0_60\jre\lib\resources.jar;C:\Program Files\Java\jdk1.8.0_60\jre\lib\rt.jar;C:\Program Files\Java\jdk1.8.0_60\jre\lib\sunrsasign.jar;C:\Program Files\Java\jdk1.8.0_60\jre\lib\jsse.jar;C:\Program Files\Java\jdk1.8.0_60\jre\lib\jce.jar;C:\Program Files\Java\jdk1.8.0_60\jre\lib\charsets.jar;C:\Program Files\Java\jdk1.8.0_60\jre\lib\jfr.jar;C:\Program Files\Java\jdk1.8.0_60\jre\classes" />
    <property name="java.vendor" value="Oracle Corporation" />
    <property name="file.separator" value="\" />
    <property name="java.vendor.url.bug" value="http://bugreport.sun.com/bugreport/" />
    <property name="sun.cpu.endian" value="little" />
    <property name="sun.io.unicode.encoding" value="UnicodeLittle" />
    <property name="ant.file.type" value="file" />
    <property name="sun.desktop" value="windows" />
    <property name="sun.cpu.isalist" value="amd64" />
  </properties>
  <testcase classname="so_nguyen_toTest1" name="unitTestCase_211" time="0.001" />
  <testcase classname="so_nguyen_toTest1" name="unitTestCase_12" time="0.0" />
  <testcase classname="so_nguyen_toTest1" name="unitTestCase_13" time="0.0" />
  <testcase classname="so_nguyen_toTest1" name="unitTestCase_19" time="0.0" />
  <testcase classname="so_nguyen_toTest1" name="unitTestCase_55" time="0.0" />
  <testcase classname="so_nguyen_toTest1" name="unitTestCase_99" time="0.0" />
  <testcase classname="so_nguyen_toTest1" name="unitTestCase_9" time="0.0" />
  <testcase classname="so_nguyen_toTest1" name="IntegrationTest" time="0.0" />
  <system-out><![CDATA[]]></system-out>
  <system-err><![CDATA[]]></system-err>
</testsuite>
